2018-07-12 22:53:58,033  INFO [main] LoginPageTest:38 - **********************Validate Login Page Test************************
2018-07-12 22:53:58,065  INFO [main] LoginPageTest:41 - **********************END of Validate Login Test Page Test*********************************************
2018-07-12 22:55:05,270  INFO [main] HomePageTest:41 - ****************Home Page Title Test****************************
2018-07-12 22:55:05,282  INFO [main] HomePageTest:44 - ****************End of Home Page Title Test*********************
2018-07-12 22:56:14,826  INFO [main] ContactsPageTest:47 - *********************Validate Contacts Page Label*************************
2018-07-12 22:56:14,872  INFO [main] ContactsPageTest:49 - *********************End of validate Contacts Page Label********************
2018-07-12 22:56:26,224  INFO [main] LoginPageTest:47 - ********************CRM Logo Image Test******************************************
2018-07-12 22:56:26,302  INFO [main] LoginPageTest:50 - ********************End of CRM Logo Test*****************************************
2018-07-12 22:57:36,375  INFO [main] HomePageTest:50 - *****************Verify Username Test*****************************
2018-07-12 22:57:36,473  INFO [main] HomePageTest:53 - *****************End of Verify Username Test***********************
2018-07-12 22:58:45,598  INFO [main] ContactsPageTest:55 - **********************Validate Single Contact Selection Test*********************
2018-07-12 23:00:52,809  INFO [main] ContactsPageTest:55 - **********************Validate Single Contact Selection Test*********************
2018-07-12 23:03:10,810  INFO [main] ContactsPageTest:55 - **********************Validate Single Contact Selection Test*********************
2018-07-12 23:05:21,652  INFO [main] ContactsPageTest:55 - **********************Validate Single Contact Selection Test*********************
2018-07-12 23:06:32,491  INFO [main] LoginPageTest:56 - ********************Login Test************************************************
2018-07-12 23:07:30,049  INFO [main] LoginPageTest:58 - ********************End of Login Test******************************************
2018-07-12 23:08:36,589  INFO [main] HomePageTest:59 - ****************Verify contacts link Test***************************
2018-07-12 23:08:38,434  INFO [main] HomePageTest:62 - ***************End of Verify Contacts link Test********************
2018-07-12 23:09:47,027  INFO [main] ContactsPageTest:71 - *******************Validate Create New Contact Test************************
2018-07-12 23:11:00,710  INFO [main] ContactsPageTest:71 - *******************Validate Create New Contact Test************************
